{"level":"info","message":"🔧 CORS Configured for: http://localhost:5173, http://localhost:3000","service":"resume-generator-api","timestamp":"2026-04-29 13:11:49"}
{"level":"info","message":"🚀 Server running on http://localhost:5002","service":"resume-generator-api","timestamp":"2026-04-29 13:11:49"}
{"level":"info","message":"🔑 AI Service: Online","service":"resume-generator-api","timestamp":"2026-04-29 13:11:49"}
{"level":"info","message":"📦 Connected to sqlite DB","service":"resume-generator-api","timestamp":"2026-04-29 13:11:49"}
{"errors":[{"instance":null,"message":"email must be unique","origin":"DB","path":"email","type":"unique violation","validatorArgs":[],"validatorKey":"not_unique","validatorName":null,"value":null}],"fields":["email"],"level":"error","message":"❌ DB Connection Error: Validation error","name":"SequelizeUniqueConstraintError","original":{"code":"SQLITE_CONSTRAINT","errno":19,"sql":"INSERT INTO `Users_backup` SELECT `id`, `name`, `email`, `password`, `credits`, `role`, `status`, `jobBoardData`, `createdAt`, `updatedAt` FROM `Users`;"},"parent":{"code":"SQLITE_CONSTRAINT","errno":19,"sql":"INSERT INTO `Users_backup` SELECT `id`, `name`, `email`, `password`, `credits`, `role`, `status`, `jobBoardData`, `createdAt`, `updatedAt` FROM `Users`;"},"service":"resume-generator-api","sql":"INSERT INTO `Users_backup` SELECT `id`, `name`, `email`, `password`, `credits`, `role`, `status`, `jobBoardData`, `createdAt`, `updatedAt` FROM `Users`;","stack":"Error\n    at Database.<anonymous> (D:\\lunina\\lumina-backend-master\\lumina-backend-master\\node_modules\\sequelize\\lib\\dialects\\sqlite\\query.js:185:27)\n    at D:\\lunina\\lumina-backend-master\\lumina-backend-master\\node_modules\\sequelize\\lib\\dialects\\sqlite\\query.js:183:50\n    at new Promise (<anonymous>)\n    at Query.run (D:\\lunina\\lumina-backend-master\\lumina-backend-master\\node_modules\\sequelize\\lib\\dialects\\sqlite\\query.js:183:12)\n    at D:\\lunina\\lumina-backend-master\\lumina-backend-master\\node_modules\\sequelize\\lib\\sequelize.js:315:28\n    at async SQLiteQueryInterface.changeColumn (D:\\lunina\\lumina-backend-master\\lumina-backend-master\\node_modules\\sequelize\\lib\\dialects\\sqlite\\query-interface.js:43:7)\n    at async User.sync (D:\\lunina\\lumina-backend-master\\lumina-backend-master\\node_modules\\sequelize\\lib\\model.js:984:11)\n    at async Sequelize.sync (D:\\lunina\\lumina-backend-master\\lumina-backend-master\\node_modules\\sequelize\\lib\\sequelize.js:377:9)\n    at async D:\\lunina\\lumina-backend-master\\lumina-backend-master\\server.js:28:9","timestamp":"2026-04-29 13:11:49"}
{"duration":"72ms","ip":"::1","level":"info","message":"HTTP Request","method":"GET","service":"resume-generator-api","status":304,"timestamp":"2026-04-29 13:13:07","url":"/api/resumes"}
{"duration":"57ms","ip":"::1","level":"info","message":"HTTP Request","method":"GET","service":"resume-generator-api","status":200,"timestamp":"2026-04-29 13:13:07","url":"/api/auth/board"}
{"duration":"14ms","ip":"::1","level":"info","message":"HTTP Request","method":"POST","service":"resume-generator-api","status":200,"timestamp":"2026-04-29 13:13:08","url":"/api/auth/board"}
{"duration":"20ms","ip":"::1","level":"info","message":"HTTP Request","method":"GET","service":"resume-generator-api","status":304,"timestamp":"2026-04-29 13:18:24","url":"/api/resumes"}
{"duration":"18ms","ip":"::1","level":"info","message":"HTTP Request","method":"GET","service":"resume-generator-api","status":200,"timestamp":"2026-04-29 13:18:24","url":"/api/auth/board"}
{"duration":"13ms","ip":"::1","level":"info","message":"HTTP Request","method":"POST","service":"resume-generator-api","status":200,"timestamp":"2026-04-29 13:18:25","url":"/api/auth/board"}
{"duration":"21ms","ip":"::1","level":"info","message":"HTTP Request","method":"GET","service":"resume-generator-api","status":304,"timestamp":"2026-04-29 13:18:36","url":"/api/resumes"}
{"duration":"22ms","ip":"::1","level":"info","message":"HTTP Request","method":"GET","service":"resume-generator-api","status":200,"timestamp":"2026-04-29 13:18:36","url":"/api/auth/board"}
{"duration":"11ms","ip":"::1","level":"info","message":"HTTP Request","method":"POST","service":"resume-generator-api","status":200,"timestamp":"2026-04-29 13:18:37","url":"/api/auth/board"}
{"duration":"24ms","ip":"::1","level":"info","message":"HTTP Request","method":"GET","service":"resume-generator-api","status":304,"timestamp":"2026-04-29 13:18:52","url":"/api/resumes"}
{"duration":"23ms","ip":"::1","level":"info","message":"HTTP Request","method":"GET","service":"resume-generator-api","status":200,"timestamp":"2026-04-29 13:18:52","url":"/api/auth/board"}
{"duration":"11ms","ip":"::1","level":"info","message":"HTTP Request","method":"POST","service":"resume-generator-api","status":200,"timestamp":"2026-04-29 13:18:53","url":"/api/auth/board"}
{"duration":"194ms","ip":"::1","level":"info","message":"HTTP Request","method":"POST","service":"resume-generator-api","status":401,"timestamp":"2026-04-29 13:21:42","url":"/api/auth/login"}
{"duration":"209ms","ip":"::1","level":"info","message":"HTTP Request","method":"POST","service":"resume-generator-api","status":401,"timestamp":"2026-04-29 13:21:45","url":"/api/auth/login"}
{"duration":"199ms","ip":"::1","level":"info","message":"HTTP Request","method":"POST","service":"resume-generator-api","status":401,"timestamp":"2026-04-29 13:23:10","url":"/api/auth/login"}
{"duration":"200ms","ip":"::1","level":"info","message":"HTTP Request","method":"POST","service":"resume-generator-api","status":200,"timestamp":"2026-04-29 13:23:15","url":"/api/auth/login"}
{"duration":"16ms","ip":"::1","level":"info","message":"HTTP Request","method":"GET","service":"resume-generator-api","status":304,"timestamp":"2026-04-29 13:23:15","url":"/api/resumes"}
{"duration":"23ms","ip":"::1","level":"info","message":"HTTP Request","method":"GET","service":"resume-generator-api","status":200,"timestamp":"2026-04-29 13:23:15","url":"/api/auth/board"}
{"duration":"9ms","ip":"::1","level":"info","message":"HTTP Request","method":"POST","service":"resume-generator-api","status":200,"timestamp":"2026-04-29 13:23:16","url":"/api/auth/board"}
{"duration":"9ms","ip":"::1","level":"info","message":"HTTP Request","method":"GET","service":"resume-generator-api","status":304,"timestamp":"2026-04-29 13:24:33","url":"/api/resumes"}
{"duration":"44ms","ip":"::1","level":"info","message":"HTTP Request","method":"POST","service":"resume-generator-api","status":200,"timestamp":"2026-04-29 13:25:14","url":"/api/auth/board"}
{"duration":"9ms","ip":"::1","level":"info","message":"HTTP Request","method":"GET","service":"resume-generator-api","status":304,"timestamp":"2026-04-29 13:32:48","url":"/api/resumes"}
{"duration":"24ms","ip":"::1","level":"info","message":"HTTP Request","method":"POST","service":"resume-generator-api","status":200,"timestamp":"2026-04-29 13:32:54","url":"/api/auth/board"}
{"duration":"53ms","ip":"::1","level":"info","message":"HTTP Request","method":"POST","service":"resume-generator-api","status":200,"timestamp":"2026-04-29 13:33:36","url":"/api/auth/board"}
{"duration":"32ms","ip":"::1","level":"info","message":"HTTP Request","method":"GET","service":"resume-generator-api","status":200,"timestamp":"2026-04-29 13:33:36","url":"/api/auth/board"}
{"duration":"16ms","ip":"::1","level":"info","message":"HTTP Request","method":"GET","service":"resume-generator-api","status":304,"timestamp":"2026-04-29 13:33:36","url":"/api/resumes"}
{"duration":"14ms","ip":"::1","level":"info","message":"HTTP Request","method":"POST","service":"resume-generator-api","status":200,"timestamp":"2026-04-29 13:33:38","url":"/api/auth/board"}
{"duration":"216ms","ip":"::1","level":"info","message":"HTTP Request","method":"POST","service":"resume-generator-api","status":201,"timestamp":"2026-04-29 13:35:29","url":"/api/auth/signup"}
{"duration":"14ms","ip":"::1","level":"info","message":"HTTP Request","method":"GET","service":"resume-generator-api","status":200,"timestamp":"2026-04-29 13:35:32","url":"/api/resumes"}
{"duration":"13ms","ip":"::1","level":"info","message":"HTTP Request","method":"GET","service":"resume-generator-api","status":200,"timestamp":"2026-04-29 13:35:32","url":"/api/auth/board"}
{"duration":"23ms","ip":"::1","level":"info","message":"HTTP Request","method":"POST","service":"resume-generator-api","status":200,"timestamp":"2026-04-29 13:35:33","url":"/api/auth/board"}
{"duration":"57ms","ip":"::1","level":"info","message":"HTTP Request","method":"POST","service":"resume-generator-api","status":500,"timestamp":"2026-04-29 13:36:43","url":"/api/resumes/import"}
{"duration":"9ms","ip":"::1","level":"info","message":"HTTP Request","method":"GET","service":"resume-generator-api","status":200,"timestamp":"2026-04-29 13:36:43","url":"/api/auth/board"}
{"duration":"27ms","ip":"::1","level":"info","message":"HTTP Request","method":"POST","service":"resume-generator-api","status":200,"timestamp":"2026-04-29 13:36:43","url":"/api/auth/board"}
{"duration":"12ms","ip":"::1","level":"info","message":"HTTP Request","method":"GET","service":"resume-generator-api","status":200,"timestamp":"2026-04-29 13:36:43","url":"/api/auth/board"}
{"duration":"11ms","ip":"::1","level":"info","message":"HTTP Request","method":"GET","service":"resume-generator-api","status":304,"timestamp":"2026-04-29 13:36:43","url":"/api/resumes"}
{"duration":"10ms","ip":"::1","level":"info","message":"HTTP Request","method":"POST","service":"resume-generator-api","status":200,"timestamp":"2026-04-29 13:36:44","url":"/api/auth/board"}
{"duration":"16ms","ip":"::1","level":"info","message":"HTTP Request","method":"POST","service":"resume-generator-api","status":200,"timestamp":"2026-04-29 13:36:51","url":"/api/auth/board"}
{"duration":"17ms","ip":"::1","level":"info","message":"HTTP Request","method":"POST","service":"resume-generator-api","status":200,"timestamp":"2026-04-29 13:36:55","url":"/api/auth/board"}
{"duration":"7ms","ip":"::1","level":"info","message":"HTTP Request","method":"POST","service":"resume-generator-api","status":404,"timestamp":"2026-04-29 13:38:01","url":"/api/reminders"}
{"duration":"1ms","ip":"::1","level":"info","message":"HTTP Request","method":"POST","service":"resume-generator-api","status":404,"timestamp":"2026-04-29 13:38:07","url":"/api/reminders"}
{"duration":"2ms","ip":"::1","level":"info","message":"HTTP Request","method":"POST","service":"resume-generator-api","status":404,"timestamp":"2026-04-29 13:38:15","url":"/api/reminders"}
{"duration":"1ms","ip":"::1","level":"info","message":"HTTP Request","method":"POST","service":"resume-generator-api","status":404,"timestamp":"2026-04-29 13:38:38","url":"/api/reminders"}
{"duration":"0ms","ip":"::1","level":"info","message":"HTTP Request","method":"POST","service":"resume-generator-api","status":404,"timestamp":"2026-04-29 13:39:02","url":"/api/reminders"}
{"duration":"2ms","ip":"::1","level":"info","message":"HTTP Request","method":"POST","service":"resume-generator-api","status":404,"timestamp":"2026-04-29 13:39:12","url":"/api/reminders"}
{"duration":"15ms","ip":"::1","level":"info","message":"HTTP Request","method":"GET","service":"resume-generator-api","status":304,"timestamp":"2026-04-29 13:39:19","url":"/api/resumes"}
{"duration":"8ms","ip":"::1","level":"info","message":"HTTP Request","method":"GET","service":"resume-generator-api","status":304,"timestamp":"2026-04-29 13:39:36","url":"/api/resumes"}
{"duration":"9ms","ip":"::1","level":"info","message":"HTTP Request","method":"GET","service":"resume-generator-api","status":200,"timestamp":"2026-04-29 13:39:36","url":"/api/auth/board"}
{"duration":"10ms","ip":"::1","level":"info","message":"HTTP Request","method":"POST","service":"resume-generator-api","status":200,"timestamp":"2026-04-29 13:39:37","url":"/api/auth/board"}
{"duration":"17ms","ip":"::1","level":"info","message":"HTTP Request","method":"POST","service":"resume-generator-api","status":200,"timestamp":"2026-04-29 13:39:41","url":"/api/auth/board"}
{"duration":"17ms","ip":"::1","level":"info","message":"HTTP Request","method":"POST","service":"resume-generator-api","status":200,"timestamp":"2026-04-29 13:40:00","url":"/api/auth/board"}
{"duration":"1ms","ip":"::1","level":"info","message":"HTTP Request","method":"POST","service":"resume-generator-api","status":404,"timestamp":"2026-04-29 13:40:18","url":"/api/reminders"}
{"duration":"1ms","ip":"::1","level":"info","message":"HTTP Request","method":"POST","service":"resume-generator-api","status":404,"timestamp":"2026-04-29 13:40:27","url":"/api/reminders"}
{"duration":"7ms","ip":"::1","level":"info","message":"HTTP Request","method":"GET","service":"resume-generator-api","status":304,"timestamp":"2026-04-29 13:42:49","url":"/api/resumes"}
{"duration":"7ms","ip":"::1","level":"info","message":"HTTP Request","method":"GET","service":"resume-generator-api","status":200,"timestamp":"2026-04-29 13:42:49","url":"/api/auth/board"}
{"duration":"5ms","ip":"::1","level":"info","message":"HTTP Request","method":"POST","service":"resume-generator-api","status":200,"timestamp":"2026-04-29 13:42:50","url":"/api/auth/board"}
{"level":"info","message":"🔧 CORS Configured for: http://localhost:5173, http://localhost:3000","service":"resume-generator-api","timestamp":"2026-04-29 13:43:01"}
{"level":"info","message":"🚀 Server running on http://localhost:5002","service":"resume-generator-api","timestamp":"2026-04-29 13:43:01"}
{"level":"info","message":"🔑 AI Service: Online","service":"resume-generator-api","timestamp":"2026-04-29 13:43:01"}
{"level":"info","message":"📦 Connected to sqlite DB","service":"resume-generator-api","timestamp":"2026-04-29 13:43:01"}
{"errors":[{"instance":null,"message":"email must be unique","origin":"DB","path":"email","type":"unique violation","validatorArgs":[],"validatorKey":"not_unique","validatorName":null,"value":null}],"fields":["email"],"level":"error","message":"❌ DB Connection Error: Validation error","name":"SequelizeUniqueConstraintError","original":{"code":"SQLITE_CONSTRAINT","errno":19,"sql":"INSERT INTO `Users_backup` SELECT `id`, `name`, `email`, `password`, `credits`, `role`, `status`, `jobBoardData`, `createdAt`, `updatedAt` FROM `Users`;"},"parent":{"code":"SQLITE_CONSTRAINT","errno":19,"sql":"INSERT INTO `Users_backup` SELECT `id`, `name`, `email`, `password`, `credits`, `role`, `status`, `jobBoardData`, `createdAt`, `updatedAt` FROM `Users`;"},"service":"resume-generator-api","sql":"INSERT INTO `Users_backup` SELECT `id`, `name`, `email`, `password`, `credits`, `role`, `status`, `jobBoardData`, `createdAt`, `updatedAt` FROM `Users`;","stack":"Error\n    at Database.<anonymous> (D:\\lunina\\lumina-backend-master\\lumina-backend-master\\node_modules\\sequelize\\lib\\dialects\\sqlite\\query.js:185:27)\n    at D:\\lunina\\lumina-backend-master\\lumina-backend-master\\node_modules\\sequelize\\lib\\dialects\\sqlite\\query.js:183:50\n    at new Promise (<anonymous>)\n    at Query.run (D:\\lunina\\lumina-backend-master\\lumina-backend-master\\node_modules\\sequelize\\lib\\dialects\\sqlite\\query.js:183:12)\n    at D:\\lunina\\lumina-backend-master\\lumina-backend-master\\node_modules\\sequelize\\lib\\sequelize.js:315:28\n    at async SQLiteQueryInterface.changeColumn (D:\\lunina\\lumina-backend-master\\lumina-backend-master\\node_modules\\sequelize\\lib\\dialects\\sqlite\\query-interface.js:43:7)\n    at async User.sync (D:\\lunina\\lumina-backend-master\\lumina-backend-master\\node_modules\\sequelize\\lib\\model.js:984:11)\n    at async Sequelize.sync (D:\\lunina\\lumina-backend-master\\lumina-backend-master\\node_modules\\sequelize\\lib\\sequelize.js:377:9)\n    at async D:\\lunina\\lumina-backend-master\\lumina-backend-master\\server.js:29:9","timestamp":"2026-04-29 13:43:01"}
{"duration":"4ms","ip":"::1","level":"info","message":"HTTP Request","method":"GET","service":"resume-generator-api","status":401,"timestamp":"2026-04-29 13:43:10","url":"/api/reminders"}
{"level":"info","message":"🔧 CORS Configured for: http://localhost:5173, http://localhost:3000","service":"resume-generator-api","timestamp":"2026-04-29 13:43:20"}
{"level":"info","message":"🚀 Server running on http://localhost:5002","service":"resume-generator-api","timestamp":"2026-04-29 13:43:20"}
{"level":"info","message":"🔑 AI Service: Online","service":"resume-generator-api","timestamp":"2026-04-29 13:43:20"}
{"level":"info","message":"📦 Connected to sqlite DB","service":"resume-generator-api","timestamp":"2026-04-29 13:43:20"}
{"level":"info","message":"✅ Database synced successfully","service":"resume-generator-api","timestamp":"2026-04-29 13:43:20"}
{"level":"warn","message":"Interview reminder scheduler is paused because SMTP email is not configured.","service":"resume-generator-api","timestamp":"2026-04-29 13:43:20"}
{"level":"info","message":"Interview reminder scheduler started","service":"resume-generator-api","timestamp":"2026-04-29 13:43:20"}
{"level":"info","message":"🔧 CORS Configured for: http://localhost:5173, http://localhost:3000","service":"resume-generator-api","timestamp":"2026-04-29 13:45:14"}
{"level":"info","message":"🚀 Server running on http://localhost:5002","service":"resume-generator-api","timestamp":"2026-04-29 13:45:14"}
{"level":"info","message":"🔑 AI Service: Online","service":"resume-generator-api","timestamp":"2026-04-29 13:45:14"}
{"level":"info","message":"📦 Connected to sqlite DB","service":"resume-generator-api","timestamp":"2026-04-29 13:45:14"}
{"level":"info","message":"✅ Database synced successfully","service":"resume-generator-api","timestamp":"2026-04-29 13:45:14"}
{"level":"warn","message":"Interview reminder scheduler is paused because SMTP email is not configured.","service":"resume-generator-api","timestamp":"2026-04-29 13:45:14"}
{"level":"info","message":"Interview reminder scheduler started","service":"resume-generator-api","timestamp":"2026-04-29 13:45:14"}
